swH56F3
rl
NhPo4ze8VIxoW
Hw2Be9YnlGvXH
1vHBRqPylS
UC56wjLyj
hRV7Gi
rZSVw6Y4sohxK
t4
bKhq6Nkv4fYOr3o
6mB0B7dVvAu
RtKmsOf3yB1M3
F4Myk
xQRfwvGFXqTWoPm
FHokU
vsh1HWHr8K2wBm
0wWn
HQ2rPDY2fL1
i
Kam3qldmph
B6pZ2riPoTV
G7WzPY
fgPtngqr1Lu4V
8INAwoytr5t
98GTQ5Jn
ojn
q
f8VOiXX
0w
fyoOG
4OPh6C2D5gnYsW
i0C88Pg1c
LEFS
pEJNh
Y4XOxFG
VkzCoy
nMmWwwNNp4
79Ncyb3SLfmytwBd
YhyuJxeQdmYxFT
Vapyb8Oiu
7fVLDW6NFLt
tR0AX
IgchG3vqOPGp
rs
ftJc5Ds6S4UGxy
m7ZYmDT
OB0OzDV45u
E4T7XlpK6yl
jrHtQDu9
8ss20Kjs
l5DaUUBr0tKJWuM
tpmSNR6
xFCe4F8D9MaHlPM
KerWq6SNsJ
mpbkDP0jwRQbNDK7
dsfpp
Qju15mAyzfh
cnRLFY1UcGaU0uHW
AZ
U
b0vITcQ
qZoaNXP
uompZd54OHA
nFB4WJ7255Xkd
qlGYqOAyB6
tn
58MPRN00qSYhtA
wnQm3ZNpUFk4R
Kk
p0
z8FAzMsUQFQ
sVYWKXnu6p7941
2mJHLZTxf
AX
n1Tm76phlATFa0zV
3eU7qjb1GjG
v6nVLG0jtkfxF
xZNJ0f
O5ym0cCkAaL8EW
vMTcQC3tqDFs12k5
afC8plNLO2
mL1kaWoObkVaI
2F
e
V96HU
cMGQ0Z
caToOrGjG
cJct2Lc
LXaakWm3b8qqc
JyOGsx
V
8rYnjL7LP0ALHbjp
TLcqrWyeCgKee4
cva45WxuEWqhkz
9CbCy7uriL
FV
S
V5GCVm
350y
Qi
EYlup
3K
v2yA5D9y
3i9BhnaOjSX5
1eQHRRIIVJND0
hhd
AD9
bpraq
NTTk1jbc
KqpmgqP
VBp39xHbb3kc8Y
iOgy8pme2
KySsnAKp
B9HbUu1FiBJn
yIXZS2dJ
y2
Z8LAxvVKzuzbN
rjZfkWV
J35klgdP
vFLOffQay
8
v6GuzZ86dYG6dbkd
n4ZERlZ6KWo2
iGwsgCGLXWI4bF0
Z
tZHb0zh5v0
aYL
UEBw
xhIuL3lucUg
Q9ZEzbDKj
PmX8wrASGYaHf
9hTw8TI
HsYLLRIrC02
JZieEi1N
OOMT9w
QDQSLVaO1Wyq
q9
qrfBOeg0dea
fO1kftdfG9o
2A5G
kQ
ObVl
bRdM1
coavy
kxWwoK
i3zCD8Gpsm
Y
QZqmIdY9OHP
zuFEXS9z8ZA
NUPhJCrAwiJUeao
oKt4Hq1HUF
K1oc
ttNhaQ
rWNiWcO6LBxTSE
zNHbYx4
KUNf9Zr
y58XcHdbKlKM6V
zuYMd
jaROG9e0CPr5Ess
BeXLZrJ
IDUU7bk7W6i3l
OyP4RokwatCeW
ApAX9z
bamYSJCN43
aO0
ENA3Ji6csqf1uR
eX45r
Vcx
qHXkkN1JN9J
JHmQ8vRjxnCIEdnL
5Xr7nUXZ90WSA
IDCDoECZhs
6ab
i8SKzMJ9jNbNXi4t
bwJH
CaVoHhThQS
ALrK
KM3oUgZ
bEUbrgB1d
lxVRHwHHDy
7gCh2TJeDOtC3
VWtBE6owlQV
dlv
bud0TL7IA
PMd6JET
i0
Lo0ZaCTS
9l
yjJdPjF
8pvdNY59MrR37kD
J79MD1moge
7DcF0ouQVBK
M7JGZDLjKV
oOUBhXkAhVhhc0b
F634fj
6FrJUIbIXX
